2018-06-25-15-13 [restartedMain] [com.alibaba.dubbo.common.logger.Logger] [ERROR] -  [DUBBO] Failed to init remote service reference at filed userService in class com.ys.admin.controller.LoginController, cause: interface com.ys.api.service.UserService is not visible from class loader, dubbo version: 2.5.5, current host: 192.168.64.1
  java.lang.IllegalArgumentException: interface com.ys.api.service.UserService is not visible from class loader
	at com.alibaba.dubbo.common.bytecode.Proxy.getProxy(Proxy.java:95)
	at com.alibaba.dubbo.common.bytecode.Proxy.getProxy(Proxy.java:68)
	at com.alibaba.dubbo.rpc.proxy.javassist.JavassistProxyFactory.getProxy(JavassistProxyFactory.java:35)
	at com.alibaba.dubbo.rpc.proxy.AbstractProxyFactory.getProxy(AbstractProxyFactory.java:49)
	at com.alibaba.dubbo.rpc.proxy.wrapper.StubProxyFactoryWrapper.getProxy(StubProxyFactoryWrapper.java:60)
	at com.alibaba.dubbo.rpc.ProxyFactory$Adpative.getProxy(ProxyFactory$Adpative.java)
	at com.alibaba.dubbo.config.ReferenceConfig.createProxy(ReferenceConfig.java:413)
	at com.alibaba.dubbo.config.ReferenceConfig.init(ReferenceConfig.java:320)
	at com.alibaba.dubbo.config.ReferenceConfig.get(ReferenceConfig.java:159)
	at com.alibaba.dubbo.config.spring.AnnotationBean.refer(AnnotationBean.java:297)
	at com.alibaba.dubbo.config.spring.AnnotationBean.postProcessBeforeInitialization(AnnotationBean.java:228)
	at org.springframework.beans.factory.support.AbstractAutowireCapableBeanFactory.applyBeanPostProcessorsBeforeInitialization(AbstractAutowireCapableBeanFactory.java:409)
	at org.springframework.beans.factory.support.AbstractAutowireCapableBeanFactory.initializeBean(AbstractAutowireCapableBeanFactory.java:1620)
	at org.springframework.beans.factory.support.AbstractAutowireCapableBeanFactory.doCreateBean(AbstractAutowireCapableBeanFactory.java:555)
	at org.springframework.beans.factory.support.AbstractAutowireCapableBeanFactory.createBean(AbstractAutowireCapableBeanFactory.java:483)
	at org.springframework.beans.factory.support.AbstractBeanFactory$1.getObject(AbstractBeanFactory.java:306)
	at org.springframework.beans.factory.support.DefaultSingletonBeanRegistry.getSingleton(DefaultSingletonBeanRegistry.java:230)
	at org.springframework.beans.factory.support.AbstractBeanFactory.doGetBean(AbstractBeanFactory.java:302)
	at org.springframework.beans.factory.support.AbstractBeanFactory.getBean(AbstractBeanFactory.java:197)
	at org.springframework.beans.factory.support.DefaultListableBeanFactory.preInstantiateSingletons(DefaultListableBeanFactory.java:761)
	at org.springframework.context.support.AbstractApplicationContext.finishBeanFactoryInitialization(AbstractApplicationContext.java:867)
	at org.springframework.context.support.AbstractApplicationContext.refresh(AbstractApplicationContext.java:543)
	at org.springframework.boot.context.embedded.EmbeddedWebApplicationContext.refresh(EmbeddedWebApplicationContext.java:122)
	at org.springframework.boot.SpringApplication.refresh(SpringApplication.java:693)
	at org.springframework.boot.SpringApplication.refreshContext(SpringApplication.java:360)
	at org.springframework.boot.SpringApplication.run(SpringApplication.java:303)
	at org.springframework.boot.SpringApplication.run(SpringApplication.java:1118)
	at org.springframework.boot.SpringApplication.run(SpringApplication.java:1107)
	at com.ys.admin.ConsumerApplication.main(ConsumerApplication.java:22)
	at sun.reflect.NativeMethodAccessorImpl.invoke0(Native Method)
	at sun.reflect.NativeMethodAccessorImpl.invoke(NativeMethodAccessorImpl.java:62)
	at sun.reflect.DelegatingMethodAccessorImpl.invoke(DelegatingMethodAccessorImpl.java:43)
	at java.lang.reflect.Method.invoke(Method.java:498)
	at org.springframework.boot.devtools.restart.RestartLauncher.run(RestartLauncher.java:49)
2018-06-25-15-18 [restartedMain] [com.alibaba.dubbo.common.logger.Logger] [ERROR] -  [DUBBO] Failed to init remote service reference at filed userService in class com.ys.admin.controller.LoginController, cause: interface com.ys.api.service.UserService is not visible from class loader, dubbo version: 2.5.5, current host: 192.168.64.1
  java.lang.IllegalArgumentException: interface com.ys.api.service.UserService is not visible from class loader
	at com.alibaba.dubbo.common.bytecode.Proxy.getProxy(Proxy.java:95)
	at com.alibaba.dubbo.common.bytecode.Proxy.getProxy(Proxy.java:68)
	at com.alibaba.dubbo.rpc.proxy.javassist.JavassistProxyFactory.getProxy(JavassistProxyFactory.java:35)
	at com.alibaba.dubbo.rpc.proxy.AbstractProxyFactory.getProxy(AbstractProxyFactory.java:49)
	at com.alibaba.dubbo.rpc.proxy.wrapper.StubProxyFactoryWrapper.getProxy(StubProxyFactoryWrapper.java:60)
	at com.alibaba.dubbo.rpc.ProxyFactory$Adpative.getProxy(ProxyFactory$Adpative.java)
	at com.alibaba.dubbo.config.ReferenceConfig.createProxy(ReferenceConfig.java:413)
	at com.alibaba.dubbo.config.ReferenceConfig.init(ReferenceConfig.java:320)
	at com.alibaba.dubbo.config.ReferenceConfig.get(ReferenceConfig.java:159)
	at com.alibaba.dubbo.config.spring.AnnotationBean.refer(AnnotationBean.java:297)
	at com.alibaba.dubbo.config.spring.AnnotationBean.postProcessBeforeInitialization(AnnotationBean.java:228)
	at org.springframework.beans.factory.support.AbstractAutowireCapableBeanFactory.applyBeanPostProcessorsBeforeInitialization(AbstractAutowireCapableBeanFactory.java:409)
	at org.springframework.beans.factory.support.AbstractAutowireCapableBeanFactory.initializeBean(AbstractAutowireCapableBeanFactory.java:1620)
	at org.springframework.beans.factory.support.AbstractAutowireCapableBeanFactory.doCreateBean(AbstractAutowireCapableBeanFactory.java:555)
	at org.springframework.beans.factory.support.AbstractAutowireCapableBeanFactory.createBean(AbstractAutowireCapableBeanFactory.java:483)
	at org.springframework.beans.factory.support.AbstractBeanFactory$1.getObject(AbstractBeanFactory.java:306)
	at org.springframework.beans.factory.support.DefaultSingletonBeanRegistry.getSingleton(DefaultSingletonBeanRegistry.java:230)
	at org.springframework.beans.factory.support.AbstractBeanFactory.doGetBean(AbstractBeanFactory.java:302)
	at org.springframework.beans.factory.support.AbstractBeanFactory.getBean(AbstractBeanFactory.java:197)
	at org.springframework.beans.factory.support.DefaultListableBeanFactory.preInstantiateSingletons(DefaultListableBeanFactory.java:761)
	at org.springframework.context.support.AbstractApplicationContext.finishBeanFactoryInitialization(AbstractApplicationContext.java:867)
	at org.springframework.context.support.AbstractApplicationContext.refresh(AbstractApplicationContext.java:543)
	at org.springframework.boot.context.embedded.EmbeddedWebApplicationContext.refresh(EmbeddedWebApplicationContext.java:122)
	at org.springframework.boot.SpringApplication.refresh(SpringApplication.java:693)
	at org.springframework.boot.SpringApplication.refreshContext(SpringApplication.java:360)
	at org.springframework.boot.SpringApplication.run(SpringApplication.java:303)
	at org.springframework.boot.SpringApplication.run(SpringApplication.java:1118)
	at org.springframework.boot.SpringApplication.run(SpringApplication.java:1107)
	at com.ys.admin.ConsumerApplication.main(ConsumerApplication.java:22)
	at sun.reflect.NativeMethodAccessorImpl.invoke0(Native Method)
	at sun.reflect.NativeMethodAccessorImpl.invoke(NativeMethodAccessorImpl.java:62)
	at sun.reflect.DelegatingMethodAccessorImpl.invoke(DelegatingMethodAccessorImpl.java:43)
	at java.lang.reflect.Method.invoke(Method.java:498)
	at org.springframework.boot.devtools.restart.RestartLauncher.run(RestartLauncher.java:49)
2018-06-25-15-18 [restartedMain] [com.alibaba.dubbo.common.logger.Logger] [ERROR] -  [DUBBO] Failed to init remote service reference at filed userService in class com.ys.admin.controller.LoginController, cause: interface com.ys.api.service.UserService is not visible from class loader, dubbo version: 2.5.5, current host: 192.168.64.1
  java.lang.IllegalArgumentException: interface com.ys.api.service.UserService is not visible from class loader
	at com.alibaba.dubbo.common.bytecode.Proxy.getProxy(Proxy.java:95)
	at com.alibaba.dubbo.common.bytecode.Proxy.getProxy(Proxy.java:68)
	at com.alibaba.dubbo.rpc.proxy.javassist.JavassistProxyFactory.getProxy(JavassistProxyFactory.java:35)
	at com.alibaba.dubbo.rpc.proxy.AbstractProxyFactory.getProxy(AbstractProxyFactory.java:49)
	at com.alibaba.dubbo.rpc.proxy.wrapper.StubProxyFactoryWrapper.getProxy(StubProxyFactoryWrapper.java:60)
	at com.alibaba.dubbo.rpc.ProxyFactory$Adpative.getProxy(ProxyFactory$Adpative.java)
	at com.alibaba.dubbo.config.ReferenceConfig.createProxy(ReferenceConfig.java:413)
	at com.alibaba.dubbo.config.ReferenceConfig.init(ReferenceConfig.java:320)
	at com.alibaba.dubbo.config.ReferenceConfig.get(ReferenceConfig.java:159)
	at com.alibaba.dubbo.config.spring.AnnotationBean.refer(AnnotationBean.java:297)
	at com.alibaba.dubbo.config.spring.AnnotationBean.postProcessBeforeInitialization(AnnotationBean.java:228)
	at org.springframework.beans.factory.support.AbstractAutowireCapableBeanFactory.applyBeanPostProcessorsBeforeInitialization(AbstractAutowireCapableBeanFactory.java:409)
	at org.springframework.beans.factory.support.AbstractAutowireCapableBeanFactory.initializeBean(AbstractAutowireCapableBeanFactory.java:1620)
	at org.springframework.beans.factory.support.AbstractAutowireCapableBeanFactory.doCreateBean(AbstractAutowireCapableBeanFactory.java:555)
	at org.springframework.beans.factory.support.AbstractAutowireCapableBeanFactory.createBean(AbstractAutowireCapableBeanFactory.java:483)
	at org.springframework.beans.factory.support.AbstractBeanFactory$1.getObject(AbstractBeanFactory.java:306)
	at org.springframework.beans.factory.support.DefaultSingletonBeanRegistry.getSingleton(DefaultSingletonBeanRegistry.java:230)
	at org.springframework.beans.factory.support.AbstractBeanFactory.doGetBean(AbstractBeanFactory.java:302)
	at org.springframework.beans.factory.support.AbstractBeanFactory.getBean(AbstractBeanFactory.java:197)
	at org.springframework.beans.factory.support.DefaultListableBeanFactory.preInstantiateSingletons(DefaultListableBeanFactory.java:761)
	at org.springframework.context.support.AbstractApplicationContext.finishBeanFactoryInitialization(AbstractApplicationContext.java:867)
	at org.springframework.context.support.AbstractApplicationContext.refresh(AbstractApplicationContext.java:543)
	at org.springframework.boot.context.embedded.EmbeddedWebApplicationContext.refresh(EmbeddedWebApplicationContext.java:122)
	at org.springframework.boot.SpringApplication.refresh(SpringApplication.java:693)
	at org.springframework.boot.SpringApplication.refreshContext(SpringApplication.java:360)
	at org.springframework.boot.SpringApplication.run(SpringApplication.java:303)
	at org.springframework.boot.SpringApplication.run(SpringApplication.java:1118)
	at org.springframework.boot.SpringApplication.run(SpringApplication.java:1107)
	at com.ys.admin.ConsumerApplication.main(ConsumerApplication.java:22)
	at sun.reflect.NativeMethodAccessorImpl.invoke0(Native Method)
	at sun.reflect.NativeMethodAccessorImpl.invoke(NativeMethodAccessorImpl.java:62)
	at sun.reflect.DelegatingMethodAccessorImpl.invoke(DelegatingMethodAccessorImpl.java:43)
	at java.lang.reflect.Method.invoke(Method.java:498)
	at org.springframework.boot.devtools.restart.RestartLauncher.run(RestartLauncher.java:49)
2018-06-25-15-20 [restartedMain] [com.alibaba.dubbo.common.logger.Logger] [ERROR] -  [DUBBO] Failed to init remote service reference at filed userService in class com.ys.admin.controller.LoginController, cause: interface com.ys.api.service.UserService is not visible from class loader, dubbo version: 2.5.5, current host: 192.168.64.1
  java.lang.IllegalArgumentException: interface com.ys.api.service.UserService is not visible from class loader
	at com.alibaba.dubbo.common.bytecode.Proxy.getProxy(Proxy.java:95)
	at com.alibaba.dubbo.common.bytecode.Proxy.getProxy(Proxy.java:68)
	at com.alibaba.dubbo.rpc.proxy.javassist.JavassistProxyFactory.getProxy(JavassistProxyFactory.java:35)
	at com.alibaba.dubbo.rpc.proxy.AbstractProxyFactory.getProxy(AbstractProxyFactory.java:49)
	at com.alibaba.dubbo.rpc.proxy.wrapper.StubProxyFactoryWrapper.getProxy(StubProxyFactoryWrapper.java:60)
	at com.alibaba.dubbo.rpc.ProxyFactory$Adpative.getProxy(ProxyFactory$Adpative.java)
	at com.alibaba.dubbo.config.ReferenceConfig.createProxy(ReferenceConfig.java:413)
	at com.alibaba.dubbo.config.ReferenceConfig.init(ReferenceConfig.java:320)
	at com.alibaba.dubbo.config.ReferenceConfig.get(ReferenceConfig.java:159)
	at com.alibaba.dubbo.config.spring.AnnotationBean.refer(AnnotationBean.java:297)
	at com.alibaba.dubbo.config.spring.AnnotationBean.postProcessBeforeInitialization(AnnotationBean.java:228)
	at org.springframework.beans.factory.support.AbstractAutowireCapableBeanFactory.applyBeanPostProcessorsBeforeInitialization(AbstractAutowireCapableBeanFactory.java:409)
	at org.springframework.beans.factory.support.AbstractAutowireCapableBeanFactory.initializeBean(AbstractAutowireCapableBeanFactory.java:1620)
	at org.springframework.beans.factory.support.AbstractAutowireCapableBeanFactory.doCreateBean(AbstractAutowireCapableBeanFactory.java:555)
	at org.springframework.beans.factory.support.AbstractAutowireCapableBeanFactory.createBean(AbstractAutowireCapableBeanFactory.java:483)
	at org.springframework.beans.factory.support.AbstractBeanFactory$1.getObject(AbstractBeanFactory.java:306)
	at org.springframework.beans.factory.support.DefaultSingletonBeanRegistry.getSingleton(DefaultSingletonBeanRegistry.java:230)
	at org.springframework.beans.factory.support.AbstractBeanFactory.doGetBean(AbstractBeanFactory.java:302)
	at org.springframework.beans.factory.support.AbstractBeanFactory.getBean(AbstractBeanFactory.java:197)
	at org.springframework.beans.factory.support.DefaultListableBeanFactory.preInstantiateSingletons(DefaultListableBeanFactory.java:761)
	at org.springframework.context.support.AbstractApplicationContext.finishBeanFactoryInitialization(AbstractApplicationContext.java:867)
	at org.springframework.context.support.AbstractApplicationContext.refresh(AbstractApplicationContext.java:543)
	at org.springframework.boot.context.embedded.EmbeddedWebApplicationContext.refresh(EmbeddedWebApplicationContext.java:122)
	at org.springframework.boot.SpringApplication.refresh(SpringApplication.java:693)
	at org.springframework.boot.SpringApplication.refreshContext(SpringApplication.java:360)
	at org.springframework.boot.SpringApplication.run(SpringApplication.java:303)
	at org.springframework.boot.SpringApplication.run(SpringApplication.java:1118)
	at org.springframework.boot.SpringApplication.run(SpringApplication.java:1107)
	at com.ys.admin.ConsumerApplication.main(ConsumerApplication.java:22)
	at sun.reflect.NativeMethodAccessorImpl.invoke0(Native Method)
	at sun.reflect.NativeMethodAccessorImpl.invoke(NativeMethodAccessorImpl.java:62)
	at sun.reflect.DelegatingMethodAccessorImpl.invoke(DelegatingMethodAccessorImpl.java:43)
	at java.lang.reflect.Method.invoke(Method.java:498)
	at org.springframework.boot.devtools.restart.RestartLauncher.run(RestartLauncher.java:49)
2018-06-25-15-20 [restartedMain] [com.alibaba.dubbo.common.logger.Logger] [ERROR] -  [DUBBO] Failed to init remote service reference at filed userService in class com.ys.admin.controller.LoginController, cause: interface com.ys.api.service.UserService is not visible from class loader, dubbo version: 2.5.5, current host: 192.168.64.1
  java.lang.IllegalArgumentException: interface com.ys.api.service.UserService is not visible from class loader
	at com.alibaba.dubbo.common.bytecode.Proxy.getProxy(Proxy.java:95)
	at com.alibaba.dubbo.common.bytecode.Proxy.getProxy(Proxy.java:68)
	at com.alibaba.dubbo.rpc.proxy.javassist.JavassistProxyFactory.getProxy(JavassistProxyFactory.java:35)
	at com.alibaba.dubbo.rpc.proxy.AbstractProxyFactory.getProxy(AbstractProxyFactory.java:49)
	at com.alibaba.dubbo.rpc.proxy.wrapper.StubProxyFactoryWrapper.getProxy(StubProxyFactoryWrapper.java:60)
	at com.alibaba.dubbo.rpc.ProxyFactory$Adpative.getProxy(ProxyFactory$Adpative.java)
	at com.alibaba.dubbo.config.ReferenceConfig.createProxy(ReferenceConfig.java:413)
	at com.alibaba.dubbo.config.ReferenceConfig.init(ReferenceConfig.java:320)
	at com.alibaba.dubbo.config.ReferenceConfig.get(ReferenceConfig.java:159)
	at com.alibaba.dubbo.config.spring.AnnotationBean.refer(AnnotationBean.java:297)
	at com.alibaba.dubbo.config.spring.AnnotationBean.postProcessBeforeInitialization(AnnotationBean.java:228)
	at org.springframework.beans.factory.support.AbstractAutowireCapableBeanFactory.applyBeanPostProcessorsBeforeInitialization(AbstractAutowireCapableBeanFactory.java:409)
	at org.springframework.beans.factory.support.AbstractAutowireCapableBeanFactory.initializeBean(AbstractAutowireCapableBeanFactory.java:1620)
	at org.springframework.beans.factory.support.AbstractAutowireCapableBeanFactory.doCreateBean(AbstractAutowireCapableBeanFactory.java:555)
	at org.springframework.beans.factory.support.AbstractAutowireCapableBeanFactory.createBean(AbstractAutowireCapableBeanFactory.java:483)
	at org.springframework.beans.factory.support.AbstractBeanFactory$1.getObject(AbstractBeanFactory.java:306)
	at org.springframework.beans.factory.support.DefaultSingletonBeanRegistry.getSingleton(DefaultSingletonBeanRegistry.java:230)
	at org.springframework.beans.factory.support.AbstractBeanFactory.doGetBean(AbstractBeanFactory.java:302)
	at org.springframework.beans.factory.support.AbstractBeanFactory.getBean(AbstractBeanFactory.java:197)
	at org.springframework.beans.factory.support.DefaultListableBeanFactory.preInstantiateSingletons(DefaultListableBeanFactory.java:761)
	at org.springframework.context.support.AbstractApplicationContext.finishBeanFactoryInitialization(AbstractApplicationContext.java:867)
	at org.springframework.context.support.AbstractApplicationContext.refresh(AbstractApplicationContext.java:543)
	at org.springframework.boot.context.embedded.EmbeddedWebApplicationContext.refresh(EmbeddedWebApplicationContext.java:122)
	at org.springframework.boot.SpringApplication.refresh(SpringApplication.java:693)
	at org.springframework.boot.SpringApplication.refreshContext(SpringApplication.java:360)
	at org.springframework.boot.SpringApplication.run(SpringApplication.java:303)
	at org.springframework.boot.SpringApplication.run(SpringApplication.java:1118)
	at org.springframework.boot.SpringApplication.run(SpringApplication.java:1107)
	at com.ys.admin.ConsumerApplication.main(ConsumerApplication.java:22)
	at sun.reflect.NativeMethodAccessorImpl.invoke0(Native Method)
	at sun.reflect.NativeMethodAccessorImpl.invoke(NativeMethodAccessorImpl.java:62)
	at sun.reflect.DelegatingMethodAccessorImpl.invoke(DelegatingMethodAccessorImpl.java:43)
	at java.lang.reflect.Method.invoke(Method.java:498)
	at org.springframework.boot.devtools.restart.RestartLauncher.run(RestartLauncher.java:49)
2018-06-25-15-21 [restartedMain] [com.alibaba.dubbo.common.logger.Logger] [ERROR] -  [DUBBO] Failed to init remote service reference at filed userService in class com.ys.admin.controller.LoginController, cause: interface com.ys.api.service.UserService is not visible from class loader, dubbo version: 2.5.5, current host: 192.168.64.1
  java.lang.IllegalArgumentException: interface com.ys.api.service.UserService is not visible from class loader
	at com.alibaba.dubbo.common.bytecode.Proxy.getProxy(Proxy.java:95)
	at com.alibaba.dubbo.common.bytecode.Proxy.getProxy(Proxy.java:68)
	at com.alibaba.dubbo.rpc.proxy.javassist.JavassistProxyFactory.getProxy(JavassistProxyFactory.java:35)
	at com.alibaba.dubbo.rpc.proxy.AbstractProxyFactory.getProxy(AbstractProxyFactory.java:49)
	at com.alibaba.dubbo.rpc.proxy.wrapper.StubProxyFactoryWrapper.getProxy(StubProxyFactoryWrapper.java:60)
	at com.alibaba.dubbo.rpc.ProxyFactory$Adpative.getProxy(ProxyFactory$Adpative.java)
	at com.alibaba.dubbo.config.ReferenceConfig.createProxy(ReferenceConfig.java:413)
	at com.alibaba.dubbo.config.ReferenceConfig.init(ReferenceConfig.java:320)
	at com.alibaba.dubbo.config.ReferenceConfig.get(ReferenceConfig.java:159)
	at com.alibaba.dubbo.config.spring.AnnotationBean.refer(AnnotationBean.java:297)
	at com.alibaba.dubbo.config.spring.AnnotationBean.postProcessBeforeInitialization(AnnotationBean.java:228)
	at org.springframework.beans.factory.support.AbstractAutowireCapableBeanFactory.applyBeanPostProcessorsBeforeInitialization(AbstractAutowireCapableBeanFactory.java:409)
	at org.springframework.beans.factory.support.AbstractAutowireCapableBeanFactory.initializeBean(AbstractAutowireCapableBeanFactory.java:1620)
	at org.springframework.beans.factory.support.AbstractAutowireCapableBeanFactory.doCreateBean(AbstractAutowireCapableBeanFactory.java:555)
	at org.springframework.beans.factory.support.AbstractAutowireCapableBeanFactory.createBean(AbstractAutowireCapableBeanFactory.java:483)
	at org.springframework.beans.factory.support.AbstractBeanFactory$1.getObject(AbstractBeanFactory.java:306)
	at org.springframework.beans.factory.support.DefaultSingletonBeanRegistry.getSingleton(DefaultSingletonBeanRegistry.java:230)
	at org.springframework.beans.factory.support.AbstractBeanFactory.doGetBean(AbstractBeanFactory.java:302)
	at org.springframework.beans.factory.support.AbstractBeanFactory.getBean(AbstractBeanFactory.java:197)
	at org.springframework.beans.factory.support.DefaultListableBeanFactory.preInstantiateSingletons(DefaultListableBeanFactory.java:761)
	at org.springframework.context.support.AbstractApplicationContext.finishBeanFactoryInitialization(AbstractApplicationContext.java:867)
	at org.springframework.context.support.AbstractApplicationContext.refresh(AbstractApplicationContext.java:543)
	at org.springframework.boot.context.embedded.EmbeddedWebApplicationContext.refresh(EmbeddedWebApplicationContext.java:122)
	at org.springframework.boot.SpringApplication.refresh(SpringApplication.java:693)
	at org.springframework.boot.SpringApplication.refreshContext(SpringApplication.java:360)
	at org.springframework.boot.SpringApplication.run(SpringApplication.java:303)
	at org.springframework.boot.SpringApplication.run(SpringApplication.java:1118)
	at org.springframework.boot.SpringApplication.run(SpringApplication.java:1107)
	at com.ys.admin.ConsumerApplication.main(ConsumerApplication.java:22)
	at sun.reflect.NativeMethodAccessorImpl.invoke0(Native Method)
	at sun.reflect.NativeMethodAccessorImpl.invoke(NativeMethodAccessorImpl.java:62)
	at sun.reflect.DelegatingMethodAccessorImpl.invoke(DelegatingMethodAccessorImpl.java:43)
	at java.lang.reflect.Method.invoke(Method.java:498)
	at org.springframework.boot.devtools.restart.RestartLauncher.run(RestartLauncher.java:49)
2018-06-25-15-28 [restartedMain] [com.alibaba.dubbo.common.logger.Logger] [ERROR] -  [DUBBO] Failed to init remote service reference at filed userService in class com.ys.admin.controller.LoginController, cause: interface com.ys.api.service.UserService is not visible from class loader, dubbo version: 2.5.5, current host: 192.168.64.1
  java.lang.IllegalArgumentException: interface com.ys.api.service.UserService is not visible from class loader
	at com.alibaba.dubbo.common.bytecode.Proxy.getProxy(Proxy.java:95)
	at com.alibaba.dubbo.common.bytecode.Proxy.getProxy(Proxy.java:68)
	at com.alibaba.dubbo.rpc.proxy.javassist.JavassistProxyFactory.getProxy(JavassistProxyFactory.java:35)
	at com.alibaba.dubbo.rpc.proxy.AbstractProxyFactory.getProxy(AbstractProxyFactory.java:49)
	at com.alibaba.dubbo.rpc.proxy.wrapper.StubProxyFactoryWrapper.getProxy(StubProxyFactoryWrapper.java:60)
	at com.alibaba.dubbo.rpc.ProxyFactory$Adpative.getProxy(ProxyFactory$Adpative.java)
	at com.alibaba.dubbo.config.ReferenceConfig.createProxy(ReferenceConfig.java:413)
	at com.alibaba.dubbo.config.ReferenceConfig.init(ReferenceConfig.java:320)
	at com.alibaba.dubbo.config.ReferenceConfig.get(ReferenceConfig.java:159)
	at com.alibaba.dubbo.config.spring.AnnotationBean.refer(AnnotationBean.java:297)
	at com.alibaba.dubbo.config.spring.AnnotationBean.postProcessBeforeInitialization(AnnotationBean.java:228)
	at org.springframework.beans.factory.support.AbstractAutowireCapableBeanFactory.applyBeanPostProcessorsBeforeInitialization(AbstractAutowireCapableBeanFactory.java:409)
	at org.springframework.beans.factory.support.AbstractAutowireCapableBeanFactory.initializeBean(AbstractAutowireCapableBeanFactory.java:1620)
	at org.springframework.beans.factory.support.AbstractAutowireCapableBeanFactory.doCreateBean(AbstractAutowireCapableBeanFactory.java:555)
	at org.springframework.beans.factory.support.AbstractAutowireCapableBeanFactory.createBean(AbstractAutowireCapableBeanFactory.java:483)
	at org.springframework.beans.factory.support.AbstractBeanFactory$1.getObject(AbstractBeanFactory.java:306)
	at org.springframework.beans.factory.support.DefaultSingletonBeanRegistry.getSingleton(DefaultSingletonBeanRegistry.java:230)
	at org.springframework.beans.factory.support.AbstractBeanFactory.doGetBean(AbstractBeanFactory.java:302)
	at org.springframework.beans.factory.support.AbstractBeanFactory.getBean(AbstractBeanFactory.java:197)
	at org.springframework.beans.factory.support.DefaultListableBeanFactory.preInstantiateSingletons(DefaultListableBeanFactory.java:761)
	at org.springframework.context.support.AbstractApplicationContext.finishBeanFactoryInitialization(AbstractApplicationContext.java:867)
	at org.springframework.context.support.AbstractApplicationContext.refresh(AbstractApplicationContext.java:543)
	at org.springframework.boot.context.embedded.EmbeddedWebApplicationContext.refresh(EmbeddedWebApplicationContext.java:122)
	at org.springframework.boot.SpringApplication.refresh(SpringApplication.java:693)
	at org.springframework.boot.SpringApplication.refreshContext(SpringApplication.java:360)
	at org.springframework.boot.SpringApplication.run(SpringApplication.java:303)
	at org.springframework.boot.SpringApplication.run(SpringApplication.java:1118)
	at org.springframework.boot.SpringApplication.run(SpringApplication.java:1107)
	at com.ys.admin.ConsumerApplication.main(ConsumerApplication.java:22)
	at sun.reflect.NativeMethodAccessorImpl.invoke0(Native Method)
	at sun.reflect.NativeMethodAccessorImpl.invoke(NativeMethodAccessorImpl.java:62)
	at sun.reflect.DelegatingMethodAccessorImpl.invoke(DelegatingMethodAccessorImpl.java:43)
	at java.lang.reflect.Method.invoke(Method.java:498)
	at org.springframework.boot.devtools.restart.RestartLauncher.run(RestartLauncher.java:49)
2018-06-25-15-44 [restartedMain] [com.alibaba.dubbo.common.logger.Logger] [ERROR] -  [DUBBO] Failed to init remote service reference at filed userService in class com.ys.admin.controller.LoginController, cause: interface com.ys.api.service.UserService is not visible from class loader, dubbo version: 2.5.5, current host: 192.168.64.1
  java.lang.IllegalArgumentException: interface com.ys.api.service.UserService is not visible from class loader
	at com.alibaba.dubbo.common.bytecode.Proxy.getProxy(Proxy.java:95)
	at com.alibaba.dubbo.common.bytecode.Proxy.getProxy(Proxy.java:68)
	at com.alibaba.dubbo.rpc.proxy.javassist.JavassistProxyFactory.getProxy(JavassistProxyFactory.java:35)
	at com.alibaba.dubbo.rpc.proxy.AbstractProxyFactory.getProxy(AbstractProxyFactory.java:49)
	at com.alibaba.dubbo.rpc.proxy.wrapper.StubProxyFactoryWrapper.getProxy(StubProxyFactoryWrapper.java:60)
	at com.alibaba.dubbo.rpc.ProxyFactory$Adpative.getProxy(ProxyFactory$Adpative.java)
	at com.alibaba.dubbo.config.ReferenceConfig.createProxy(ReferenceConfig.java:413)
	at com.alibaba.dubbo.config.ReferenceConfig.init(ReferenceConfig.java:320)
	at com.alibaba.dubbo.config.ReferenceConfig.get(ReferenceConfig.java:159)
	at com.alibaba.dubbo.config.spring.AnnotationBean.refer(AnnotationBean.java:297)
	at com.alibaba.dubbo.config.spring.AnnotationBean.postProcessBeforeInitialization(AnnotationBean.java:228)
	at org.springframework.beans.factory.support.AbstractAutowireCapableBeanFactory.applyBeanPostProcessorsBeforeInitialization(AbstractAutowireCapableBeanFactory.java:409)
	at org.springframework.beans.factory.support.AbstractAutowireCapableBeanFactory.initializeBean(AbstractAutowireCapableBeanFactory.java:1620)
	at org.springframework.beans.factory.support.AbstractAutowireCapableBeanFactory.doCreateBean(AbstractAutowireCapableBeanFactory.java:555)
	at org.springframework.beans.factory.support.AbstractAutowireCapableBeanFactory.createBean(AbstractAutowireCapableBeanFactory.java:483)
	at org.springframework.beans.factory.support.AbstractBeanFactory$1.getObject(AbstractBeanFactory.java:306)
	at org.springframework.beans.factory.support.DefaultSingletonBeanRegistry.getSingleton(DefaultSingletonBeanRegistry.java:230)
	at org.springframework.beans.factory.support.AbstractBeanFactory.doGetBean(AbstractBeanFactory.java:302)
	at org.springframework.beans.factory.support.AbstractBeanFactory.getBean(AbstractBeanFactory.java:197)
	at org.springframework.beans.factory.support.DefaultListableBeanFactory.preInstantiateSingletons(DefaultListableBeanFactory.java:761)
	at org.springframework.context.support.AbstractApplicationContext.finishBeanFactoryInitialization(AbstractApplicationContext.java:867)
	at org.springframework.context.support.AbstractApplicationContext.refresh(AbstractApplicationContext.java:543)
	at org.springframework.boot.context.embedded.EmbeddedWebApplicationContext.refresh(EmbeddedWebApplicationContext.java:122)
	at org.springframework.boot.SpringApplication.refresh(SpringApplication.java:693)
	at org.springframework.boot.SpringApplication.refreshContext(SpringApplication.java:360)
	at org.springframework.boot.SpringApplication.run(SpringApplication.java:303)
	at org.springframework.boot.SpringApplication.run(SpringApplication.java:1118)
	at org.springframework.boot.SpringApplication.run(SpringApplication.java:1107)
	at com.ys.admin.ConsumerApplication.main(ConsumerApplication.java:22)
	at sun.reflect.NativeMethodAccessorImpl.invoke0(Native Method)
	at sun.reflect.NativeMethodAccessorImpl.invoke(NativeMethodAccessorImpl.java:62)
	at sun.reflect.DelegatingMethodAccessorImpl.invoke(DelegatingMethodAccessorImpl.java:43)
	at java.lang.reflect.Method.invoke(Method.java:498)
	at org.springframework.boot.devtools.restart.RestartLauncher.run(RestartLauncher.java:49)
2018-06-25-15-46 [restartedMain] [com.alibaba.dubbo.common.logger.Logger] [ERROR] -  [DUBBO] Failed to init remote service reference at filed userService in class com.ys.admin.controller.LoginController, cause: interface com.ys.api.service.UserService is not visible from class loader, dubbo version: 2.5.5, current host: 192.168.64.1
  java.lang.IllegalArgumentException: interface com.ys.api.service.UserService is not visible from class loader
	at com.alibaba.dubbo.common.bytecode.Proxy.getProxy(Proxy.java:95)
	at com.alibaba.dubbo.common.bytecode.Proxy.getProxy(Proxy.java:68)
	at com.alibaba.dubbo.rpc.proxy.javassist.JavassistProxyFactory.getProxy(JavassistProxyFactory.java:35)
	at com.alibaba.dubbo.rpc.proxy.AbstractProxyFactory.getProxy(AbstractProxyFactory.java:49)
	at com.alibaba.dubbo.rpc.proxy.wrapper.StubProxyFactoryWrapper.getProxy(StubProxyFactoryWrapper.java:60)
	at com.alibaba.dubbo.rpc.ProxyFactory$Adpative.getProxy(ProxyFactory$Adpative.java)
	at com.alibaba.dubbo.config.ReferenceConfig.createProxy(ReferenceConfig.java:413)
	at com.alibaba.dubbo.config.ReferenceConfig.init(ReferenceConfig.java:320)
	at com.alibaba.dubbo.config.ReferenceConfig.get(ReferenceConfig.java:159)
	at com.alibaba.dubbo.config.spring.AnnotationBean.refer(AnnotationBean.java:297)
	at com.alibaba.dubbo.config.spring.AnnotationBean.postProcessBeforeInitialization(AnnotationBean.java:228)
	at org.springframework.beans.factory.support.AbstractAutowireCapableBeanFactory.applyBeanPostProcessorsBeforeInitialization(AbstractAutowireCapableBeanFactory.java:409)
	at org.springframework.beans.factory.support.AbstractAutowireCapableBeanFactory.initializeBean(AbstractAutowireCapableBeanFactory.java:1620)
	at org.springframework.beans.factory.support.AbstractAutowireCapableBeanFactory.doCreateBean(AbstractAutowireCapableBeanFactory.java:555)
	at org.springframework.beans.factory.support.AbstractAutowireCapableBeanFactory.createBean(AbstractAutowireCapableBeanFactory.java:483)
	at org.springframework.beans.factory.support.AbstractBeanFactory$1.getObject(AbstractBeanFactory.java:306)
	at org.springframework.beans.factory.support.DefaultSingletonBeanRegistry.getSingleton(DefaultSingletonBeanRegistry.java:230)
	at org.springframework.beans.factory.support.AbstractBeanFactory.doGetBean(AbstractBeanFactory.java:302)
	at org.springframework.beans.factory.support.AbstractBeanFactory.getBean(AbstractBeanFactory.java:197)
	at org.springframework.beans.factory.support.DefaultListableBeanFactory.preInstantiateSingletons(DefaultListableBeanFactory.java:761)
	at org.springframework.context.support.AbstractApplicationContext.finishBeanFactoryInitialization(AbstractApplicationContext.java:867)
	at org.springframework.context.support.AbstractApplicationContext.refresh(AbstractApplicationContext.java:543)
	at org.springframework.boot.context.embedded.EmbeddedWebApplicationContext.refresh(EmbeddedWebApplicationContext.java:122)
	at org.springframework.boot.SpringApplication.refresh(SpringApplication.java:693)
	at org.springframework.boot.SpringApplication.refreshContext(SpringApplication.java:360)
	at org.springframework.boot.SpringApplication.run(SpringApplication.java:303)
	at org.springframework.boot.SpringApplication.run(SpringApplication.java:1118)
	at org.springframework.boot.SpringApplication.run(SpringApplication.java:1107)
	at com.ys.admin.ConsumerApplication.main(ConsumerApplication.java:22)
	at sun.reflect.NativeMethodAccessorImpl.invoke0(Native Method)
	at sun.reflect.NativeMethodAccessorImpl.invoke(NativeMethodAccessorImpl.java:62)
	at sun.reflect.DelegatingMethodAccessorImpl.invoke(DelegatingMethodAccessorImpl.java:43)
	at java.lang.reflect.Method.invoke(Method.java:498)
	at org.springframework.boot.devtools.restart.RestartLauncher.run(RestartLauncher.java:49)
2018-06-25-15-49 [restartedMain] [com.alibaba.dubbo.common.logger.Logger] [ERROR] -  [DUBBO] Failed to init remote service reference at filed userService in class com.ys.admin.controller.LoginController, cause: interface com.ys.api.service.UserService is not visible from class loader, dubbo version: 2.5.5, current host: 192.168.64.1
  java.lang.IllegalArgumentException: interface com.ys.api.service.UserService is not visible from class loader
	at com.alibaba.dubbo.common.bytecode.Proxy.getProxy(Proxy.java:95)
	at com.alibaba.dubbo.common.bytecode.Proxy.getProxy(Proxy.java:68)
	at com.alibaba.dubbo.rpc.proxy.javassist.JavassistProxyFactory.getProxy(JavassistProxyFactory.java:35)
	at com.alibaba.dubbo.rpc.proxy.AbstractProxyFactory.getProxy(AbstractProxyFactory.java:49)
	at com.alibaba.dubbo.rpc.proxy.wrapper.StubProxyFactoryWrapper.getProxy(StubProxyFactoryWrapper.java:60)
	at com.alibaba.dubbo.rpc.ProxyFactory$Adpative.getProxy(ProxyFactory$Adpative.java)
	at com.alibaba.dubbo.config.ReferenceConfig.createProxy(ReferenceConfig.java:413)
	at com.alibaba.dubbo.config.ReferenceConfig.init(ReferenceConfig.java:320)
	at com.alibaba.dubbo.config.ReferenceConfig.get(ReferenceConfig.java:159)
	at com.alibaba.dubbo.config.spring.AnnotationBean.refer(AnnotationBean.java:297)
	at com.alibaba.dubbo.config.spring.AnnotationBean.postProcessBeforeInitialization(AnnotationBean.java:228)
	at org.springframework.beans.factory.support.AbstractAutowireCapableBeanFactory.applyBeanPostProcessorsBeforeInitialization(AbstractAutowireCapableBeanFactory.java:409)
	at org.springframework.beans.factory.support.AbstractAutowireCapableBeanFactory.initializeBean(AbstractAutowireCapableBeanFactory.java:1620)
	at org.springframework.beans.factory.support.AbstractAutowireCapableBeanFactory.doCreateBean(AbstractAutowireCapableBeanFactory.java:555)
	at org.springframework.beans.factory.support.AbstractAutowireCapableBeanFactory.createBean(AbstractAutowireCapableBeanFactory.java:483)
	at org.springframework.beans.factory.support.AbstractBeanFactory$1.getObject(AbstractBeanFactory.java:306)
	at org.springframework.beans.factory.support.DefaultSingletonBeanRegistry.getSingleton(DefaultSingletonBeanRegistry.java:230)
	at org.springframework.beans.factory.support.AbstractBeanFactory.doGetBean(AbstractBeanFactory.java:302)
	at org.springframework.beans.factory.support.AbstractBeanFactory.getBean(AbstractBeanFactory.java:197)
	at org.springframework.beans.factory.support.DefaultListableBeanFactory.preInstantiateSingletons(DefaultListableBeanFactory.java:761)
	at org.springframework.context.support.AbstractApplicationContext.finishBeanFactoryInitialization(AbstractApplicationContext.java:867)
	at org.springframework.context.support.AbstractApplicationContext.refresh(AbstractApplicationContext.java:543)
	at org.springframework.boot.context.embedded.EmbeddedWebApplicationContext.refresh(EmbeddedWebApplicationContext.java:122)
	at org.springframework.boot.SpringApplication.refresh(SpringApplication.java:693)
	at org.springframework.boot.SpringApplication.refreshContext(SpringApplication.java:360)
	at org.springframework.boot.SpringApplication.run(SpringApplication.java:303)
	at org.springframework.boot.SpringApplication.run(SpringApplication.java:1118)
	at org.springframework.boot.SpringApplication.run(SpringApplication.java:1107)
	at com.ys.admin.ConsumerApplication.main(ConsumerApplication.java:22)
	at sun.reflect.NativeMethodAccessorImpl.invoke0(Native Method)
	at sun.reflect.NativeMethodAccessorImpl.invoke(NativeMethodAccessorImpl.java:62)
	at sun.reflect.DelegatingMethodAccessorImpl.invoke(DelegatingMethodAccessorImpl.java:43)
	at java.lang.reflect.Method.invoke(Method.java:498)
	at org.springframework.boot.devtools.restart.RestartLauncher.run(RestartLauncher.java:49)
2018-06-25-15-56 [restartedMain] [com.alibaba.dubbo.common.logger.Logger] [ERROR] -  [DUBBO] Failed to init remote service reference at filed userService in class com.ys.admin.controller.LoginController, cause: interface com.ys.api.service.UserService is not visible from class loader, dubbo version: 2.5.5, current host: 192.168.64.1
  java.lang.IllegalArgumentException: interface com.ys.api.service.UserService is not visible from class loader
	at com.alibaba.dubbo.common.bytecode.Proxy.getProxy(Proxy.java:95)
	at com.alibaba.dubbo.common.bytecode.Proxy.getProxy(Proxy.java:68)
	at com.alibaba.dubbo.rpc.proxy.javassist.JavassistProxyFactory.getProxy(JavassistProxyFactory.java:35)
	at com.alibaba.dubbo.rpc.proxy.AbstractProxyFactory.getProxy(AbstractProxyFactory.java:49)
	at com.alibaba.dubbo.rpc.proxy.wrapper.StubProxyFactoryWrapper.getProxy(StubProxyFactoryWrapper.java:60)
	at com.alibaba.dubbo.rpc.ProxyFactory$Adpative.getProxy(ProxyFactory$Adpative.java)
	at com.alibaba.dubbo.config.ReferenceConfig.createProxy(ReferenceConfig.java:413)
	at com.alibaba.dubbo.config.ReferenceConfig.init(ReferenceConfig.java:320)
	at com.alibaba.dubbo.config.ReferenceConfig.get(ReferenceConfig.java:159)
	at com.alibaba.dubbo.config.spring.AnnotationBean.refer(AnnotationBean.java:297)
	at com.alibaba.dubbo.config.spring.AnnotationBean.postProcessBeforeInitialization(AnnotationBean.java:228)
	at org.springframework.beans.factory.support.AbstractAutowireCapableBeanFactory.applyBeanPostProcessorsBeforeInitialization(AbstractAutowireCapableBeanFactory.java:409)
	at org.springframework.beans.factory.support.AbstractAutowireCapableBeanFactory.initializeBean(AbstractAutowireCapableBeanFactory.java:1620)
	at org.springframework.beans.factory.support.AbstractAutowireCapableBeanFactory.doCreateBean(AbstractAutowireCapableBeanFactory.java:555)
	at org.springframework.beans.factory.support.AbstractAutowireCapableBeanFactory.createBean(AbstractAutowireCapableBeanFactory.java:483)
	at org.springframework.beans.factory.support.AbstractBeanFactory$1.getObject(AbstractBeanFactory.java:306)
	at org.springframework.beans.factory.support.DefaultSingletonBeanRegistry.getSingleton(DefaultSingletonBeanRegistry.java:230)
	at org.springframework.beans.factory.support.AbstractBeanFactory.doGetBean(AbstractBeanFactory.java:302)
	at org.springframework.beans.factory.support.AbstractBeanFactory.getBean(AbstractBeanFactory.java:197)
	at org.springframework.beans.factory.support.DefaultListableBeanFactory.preInstantiateSingletons(DefaultListableBeanFactory.java:761)
	at org.springframework.context.support.AbstractApplicationContext.finishBeanFactoryInitialization(AbstractApplicationContext.java:867)
	at org.springframework.context.support.AbstractApplicationContext.refresh(AbstractApplicationContext.java:543)
	at org.springframework.boot.context.embedded.EmbeddedWebApplicationContext.refresh(EmbeddedWebApplicationContext.java:122)
	at org.springframework.boot.SpringApplication.refresh(SpringApplication.java:693)
	at org.springframework.boot.SpringApplication.refreshContext(SpringApplication.java:360)
	at org.springframework.boot.SpringApplication.run(SpringApplication.java:303)
	at org.springframework.boot.SpringApplication.run(SpringApplication.java:1118)
	at org.springframework.boot.SpringApplication.run(SpringApplication.java:1107)
	at com.ys.admin.ConsumerApplication.main(ConsumerApplication.java:22)
	at sun.reflect.NativeMethodAccessorImpl.invoke0(Native Method)
	at sun.reflect.NativeMethodAccessorImpl.invoke(NativeMethodAccessorImpl.java:62)
	at sun.reflect.DelegatingMethodAccessorImpl.invoke(DelegatingMethodAccessorImpl.java:43)
	at java.lang.reflect.Method.invoke(Method.java:498)
	at org.springframework.boot.devtools.restart.RestartLauncher.run(RestartLauncher.java:49)
2018-06-25-15-57 [restartedMain] [com.alibaba.dubbo.common.logger.Logger] [ERROR] -  [DUBBO] Failed to init remote service reference at filed userService in class com.ys.admin.controller.LoginController, cause: interface com.ys.api.service.UserService is not visible from class loader, dubbo version: 2.5.5, current host: 192.168.64.1
  java.lang.IllegalArgumentException: interface com.ys.api.service.UserService is not visible from class loader
	at com.alibaba.dubbo.common.bytecode.Proxy.getProxy(Proxy.java:95)
	at com.alibaba.dubbo.common.bytecode.Proxy.getProxy(Proxy.java:68)
	at com.alibaba.dubbo.rpc.proxy.javassist.JavassistProxyFactory.getProxy(JavassistProxyFactory.java:35)
	at com.alibaba.dubbo.rpc.proxy.AbstractProxyFactory.getProxy(AbstractProxyFactory.java:49)
	at com.alibaba.dubbo.rpc.proxy.wrapper.StubProxyFactoryWrapper.getProxy(StubProxyFactoryWrapper.java:60)
	at com.alibaba.dubbo.rpc.ProxyFactory$Adpative.getProxy(ProxyFactory$Adpative.java)
	at com.alibaba.dubbo.config.ReferenceConfig.createProxy(ReferenceConfig.java:413)
	at com.alibaba.dubbo.config.ReferenceConfig.init(ReferenceConfig.java:320)
	at com.alibaba.dubbo.config.ReferenceConfig.get(ReferenceConfig.java:159)
	at com.alibaba.dubbo.config.spring.AnnotationBean.refer(AnnotationBean.java:297)
	at com.alibaba.dubbo.config.spring.AnnotationBean.postProcessBeforeInitialization(AnnotationBean.java:228)
	at org.springframework.beans.factory.support.AbstractAutowireCapableBeanFactory.applyBeanPostProcessorsBeforeInitialization(AbstractAutowireCapableBeanFactory.java:409)
	at org.springframework.beans.factory.support.AbstractAutowireCapableBeanFactory.initializeBean(AbstractAutowireCapableBeanFactory.java:1620)
	at org.springframework.beans.factory.support.AbstractAutowireCapableBeanFactory.doCreateBean(AbstractAutowireCapableBeanFactory.java:555)
	at org.springframework.beans.factory.support.AbstractAutowireCapableBeanFactory.createBean(AbstractAutowireCapableBeanFactory.java:483)
	at org.springframework.beans.factory.support.AbstractBeanFactory$1.getObject(AbstractBeanFactory.java:306)
	at org.springframework.beans.factory.support.DefaultSingletonBeanRegistry.getSingleton(DefaultSingletonBeanRegistry.java:230)
	at org.springframework.beans.factory.support.AbstractBeanFactory.doGetBean(AbstractBeanFactory.java:302)
	at org.springframework.beans.factory.support.AbstractBeanFactory.getBean(AbstractBeanFactory.java:197)
	at org.springframework.beans.factory.support.DefaultListableBeanFactory.preInstantiateSingletons(DefaultListableBeanFactory.java:761)
	at org.springframework.context.support.AbstractApplicationContext.finishBeanFactoryInitialization(AbstractApplicationContext.java:867)
	at org.springframework.context.support.AbstractApplicationContext.refresh(AbstractApplicationContext.java:543)
	at org.springframework.boot.context.embedded.EmbeddedWebApplicationContext.refresh(EmbeddedWebApplicationContext.java:122)
	at org.springframework.boot.SpringApplication.refresh(SpringApplication.java:693)
	at org.springframework.boot.SpringApplication.refreshContext(SpringApplication.java:360)
	at org.springframework.boot.SpringApplication.run(SpringApplication.java:303)
	at org.springframework.boot.SpringApplication.run(SpringApplication.java:1118)
	at org.springframework.boot.SpringApplication.run(SpringApplication.java:1107)
	at com.ys.admin.ConsumerApplication.main(ConsumerApplication.java:22)
	at sun.reflect.NativeMethodAccessorImpl.invoke0(Native Method)
	at sun.reflect.NativeMethodAccessorImpl.invoke(NativeMethodAccessorImpl.java:62)
	at sun.reflect.DelegatingMethodAccessorImpl.invoke(DelegatingMethodAccessorImpl.java:43)
	at java.lang.reflect.Method.invoke(Method.java:498)
	at org.springframework.boot.devtools.restart.RestartLauncher.run(RestartLauncher.java:49)
